-------------------------------------------------------------------------------
Test set: com.university.registration.TextFileStudentRepositoryTests
-------------------------------------------------------------------------------
Tests run: 5, Failures: 0, Errors: 5, Skipped: 0, Time elapsed: 0.057 s <<< FAILURE! - in com.university.registration.TextFileStudentRepositoryTests
com.university.registration.TextFileStudentRepositoryTests.testUpdateStudent  Time elapsed: 0.019 s  <<< ERROR!
java.lang.Error: 
Unresolved compilation problem: 
	The declared package "com.university.registration.Repository.StudentRepository" does not match the expected package "com.university.registration"

	at com.university.registration.TextFileStudentRepositoryTests.<init>(TextFileStudentRepositoryTests.java:2)
	at java.base/java.lang.reflect.Constructor.newInstanceWithCaller(Constructor.java:502)
	at java.base/java.lang.reflect.Constructor.newInstance(Constructor.java:486)
	at java.base/java.util.Optional.orElseGet(Optional.java:364)
	at java.base/java.util.ArrayList.forEach(ArrayList.java:1596)
	at java.base/java.util.ArrayList.forEach(ArrayList.java:1596)

com.university.registration.TextFileStudentRepositoryTests.testGetStudentByMatricula  Time elapsed: 0.002 s  <<< ERROR!
java.lang.Error: 
Unresolved compilation problem: 
	The declared package "com.university.registration.Repository.StudentRepository" does not match the expected package "com.university.registration"

	at com.university.registration.TextFileStudentRepositoryTests.<init>(TextFileStudentRepositoryTests.java:2)
	at java.base/java.lang.reflect.Constructor.newInstanceWithCaller(Constructor.java:502)
	at java.base/java.lang.reflect.Constructor.newInstance(Constructor.java:486)
	at java.base/java.util.Optional.orElseGet(Optional.java:364)
	at java.base/java.util.ArrayList.forEach(ArrayList.java:1596)
	at java.base/java.util.ArrayList.forEach(ArrayList.java:1596)

com.university.registration.TextFileStudentRepositoryTests.testAddStudent  Time elapsed: 0.002 s  <<< ERROR!
java.lang.Error: 
Unresolved compilation problem: 
	The declared package "com.university.registration.Repository.StudentRepository" does not match the expected package "com.university.registration"

	at com.university.registration.TextFileStudentRepositoryTests.<init>(TextFileStudentRepositoryTests.java:2)
	at java.base/java.lang.reflect.Constructor.newInstanceWithCaller(Constructor.java:502)
	at java.base/java.lang.reflect.Constructor.newInstance(Constructor.java:486)
	at java.base/java.util.Optional.orElseGet(Optional.java:364)
	at java.base/java.util.ArrayList.forEach(ArrayList.java:1596)
	at java.base/java.util.ArrayList.forEach(ArrayList.java:1596)

com.university.registration.TextFileStudentRepositoryTests.testDeleteStudent  Time elapsed: 0.001 s  <<< ERROR!
java.lang.Error: 
Unresolved compilation problem: 
	The declared package "com.university.registration.Repository.StudentRepository" does not match the expected package "com.university.registration"

	at com.university.registration.TextFileStudentRepositoryTests.<init>(TextFileStudentRepositoryTests.java:2)
	at java.base/java.lang.reflect.Constructor.newInstanceWithCaller(Constructor.java:502)
	at java.base/java.lang.reflect.Constructor.newInstance(Constructor.java:486)
	at java.base/java.util.Optional.orElseGet(Optional.java:364)
	at java.base/java.util.ArrayList.forEach(ArrayList.java:1596)
	at java.base/java.util.ArrayList.forEach(ArrayList.java:1596)

com.university.registration.TextFileStudentRepositoryTests.testGetAllStudents  Time elapsed: 0.001 s  <<< ERROR!
java.lang.Error: 
Unresolved compilation problem: 
	The declared package "com.university.registration.Repository.StudentRepository" does not match the expected package "com.university.registration"

	at com.university.registration.TextFileStudentRepositoryTests.<init>(TextFileStudentRepositoryTests.java:2)
	at java.base/java.lang.reflect.Constructor.newInstanceWithCaller(Constructor.java:502)
	at java.base/java.lang.reflect.Constructor.newInstance(Constructor.java:486)
	at java.base/java.util.Optional.orElseGet(Optional.java:364)
	at java.base/java.util.ArrayList.forEach(ArrayList.java:1596)
	at java.base/java.util.ArrayList.forEach(ArrayList.java:1596)

