<?xml version="1.0" encoding="UTF-8"?>
<testsuite xmlns:xsi="http://www.w3.org/2001/XMLSchema-instance" xsi:noNamespaceSchemaLocation="https://maven.apache.org/surefire/maven-surefire-plugin/xsd/surefire-test-report-3.0.xsd" version="3.0" name="com.university.registration.Repository.StudentRepository.TextFileStudentRepositoryTests" time="0.105" tests="7" errors="0" skipped="0" failures="0">
  <properties>
[...]
</properties>
  <testcase name="testDeleteStudentByMatricula" classname="com.university.registration.Repository.StudentRepository.TextFileStudentRepositoryTests" time="0.055"/>
  <testcase name="testUpdateStudent" classname="com.university.registration.Repository.StudentRepository.TextFileStudentRepositoryTests" time="0.005"/>
  <testcase name="testGetStudentByMatricula" classname="com.university.registration.Repository.StudentRepository.TextFileStudentRepositoryTests" time="0.002"/>
  <testcase name="testAddStudent" classname="com.university.registration.Repository.StudentRepository.TextFileStudentRepositoryTests" time="0.001"/>
  <testcase name="testDeleteStudent" classname="com.university.registration.Repository.StudentRepository.TextFileStudentRepositoryTests" time="0.001"/>
  <testcase name="testGetAllStudents" classname="com.university.registration.Repository.StudentRepository.TextFileStudentRepositoryTests" time="0.002"/>
  <testcase name="testAddExistingStudent" classname="com.university.registration.Repository.StudentRepository.TextFileStudentRepositoryTests" time="0.008"/>
</testsuite>